<?xml version="1.0" encoding="UTF-8"?>
<!-- Generated by org.testng.reporters.JUnitReportReporter -->
<testsuite skipped="0" hostname="DESKTOP-9QBJ8LG" name="TestScripts.RegressionTest" tests="1" failures="0" timestamp="07 Apr 2020 18:48:06 GMT" time="21.370" errors="0">
  <testcase name="branchdetails" time="21.370" classname="TestScripts.RegressionTest"/>
</testsuite> <!-- TestScripts.RegressionTest -->
